<?xml version="1.0" encoding="UTF-8"?>
<coverage generated="1404830952">
  <project timestamp="1404830952">
    <package name="PHPExtra\Date">
      <file name="C:\Projects\date\src\PHPExtra\Date/DateInterval.php">
        <class name="DateInterval" namespace="PHPExtra\Date">
          <metrics methods="4" coveredmethods="4" conditionals="0" coveredconditionals="0" statements="24" coveredstatements="24" elements="28" coveredelements="28"/>
        </class>
        <line num="23" type="method" name="getLengths" crap="1" count="8"/>
        <line num="26" type="stmt" count="8"/>
        <line num="27" type="stmt" count="8"/>
        <line num="28" type="stmt" count="8"/>
        <line num="29" type="stmt" count="8"/>
        <line num="30" type="stmt" count="8"/>
        <line num="31" type="stmt" count="8"/>
        <line num="32" type="stmt" count="8"/>
        <line num="41" type="method" name="formatSpecifier" crap="1" count="8"/>
        <line num="43" type="stmt" count="8"/>
        <line num="44" type="stmt" count="8"/>
        <line num="45" type="stmt" count="8"/>
        <line num="46" type="stmt" count="8"/>
        <line num="47" type="stmt" count="8"/>
        <line num="48" type="stmt" count="8"/>
        <line num="49" type="stmt" count="8"/>
        <line num="50" type="stmt" count="8"/>
        <line num="51" type="stmt" count="8"/>
        <line num="60" type="method" name="fromSeconds" crap="2" count="8"/>
        <line num="62" type="stmt" count="8"/>
        <line num="63" type="stmt" count="8"/>
        <line num="65" type="stmt" count="8"/>
        <line num="67" type="stmt" count="8"/>
        <line num="68" type="stmt" count="8"/>
        <line num="69" type="stmt" count="8"/>
        <line num="71" type="stmt" count="8"/>
        <line num="80" type="method" name="fromMinutes" crap="1" count="4"/>
        <line num="82" type="stmt" count="4"/>
        <metrics loc="83" ncloc="57" classes="1" methods="4" coveredmethods="4" conditionals="0" coveredconditionals="0" statements="24" coveredstatements="24" elements="28" coveredelements="28"/>
      </file>
      <file name="C:\Projects\date\src\PHPExtra\Date/DateTime.php">
        <class name="DateTime" namespace="PHPExtra\Date">
          <metrics methods="17" coveredmethods="0" conditionals="0" coveredconditionals="0" statements="22" coveredstatements="0" elements="39" coveredelements="0"/>
        </class>
        <line num="31" type="method" name="__construct" crap="2" count="0"/>
        <line num="33" type="stmt" count="0"/>
        <line num="34" type="stmt" count="0"/>
        <line num="39" type="method" name="now" crap="2" count="0"/>
        <line num="41" type="stmt" count="0"/>
        <line num="47" type="method" name="tomorrow" crap="2" count="0"/>
        <line num="49" type="stmt" count="0"/>
        <line num="55" type="method" name="yesterday" crap="2" count="0"/>
        <line num="57" type="stmt" count="0"/>
        <line num="66" type="method" name="compare" crap="12" count="0"/>
        <line num="68" type="stmt" count="0"/>
        <line num="69" type="stmt" count="0"/>
        <line num="70" type="stmt" count="0"/>
        <line num="71" type="stmt" count="0"/>
        <line num="73" type="stmt" count="0"/>
        <line num="81" type="method" name="equals" crap="2" count="0"/>
        <line num="83" type="stmt" count="0"/>
        <line num="90" type="method" name="isEarlier" crap="2" count="0"/>
        <line num="92" type="stmt" count="0"/>
        <line num="99" type="method" name="isLater" crap="2" count="0"/>
        <line num="101" type="stmt" count="0"/>
        <line num="109" type="method" name="isToday" crap="2" count="0"/>
        <line num="111" type="stmt" count="0"/>
        <line num="117" type="method" name="isLeapYear" crap="2" count="0"/>
        <line num="119" type="stmt" count="0"/>
        <line num="125" type="method" name="isAM" crap="2" count="0"/>
        <line num="127" type="stmt" count="0"/>
        <line num="133" type="method" name="isPM" crap="2" count="0"/>
        <line num="135" type="stmt" count="0"/>
        <line num="141" type="method" name="getDaysInMonth" crap="2" count="0"/>
        <line num="143" type="stmt" count="0"/>
        <line num="149" type="method" name="getDayOfMonth" crap="2" count="0"/>
        <line num="151" type="stmt" count="0"/>
        <line num="157" type="method" name="getDayOfWeek" crap="2" count="0"/>
        <line num="159" type="stmt" count="0"/>
        <line num="165" type="method" name="getDayOfYear" crap="2" count="0"/>
        <line num="167" type="stmt" count="0"/>
        <line num="173" type="method" name="getWeekOfYear" crap="2" count="0"/>
        <line num="175" type="stmt" count="0"/>
        <metrics loc="177" ncloc="104" classes="1" methods="17" coveredmethods="0" conditionals="0" coveredconditionals="0" statements="22" coveredstatements="0" elements="39" coveredelements="0"/>
      </file>
    </package>
    <metrics files="2" loc="260" ncloc="161" classes="2" methods="21" coveredmethods="4" conditionals="0" coveredconditionals="0" statements="46" coveredstatements="24" elements="67" coveredelements="28"/>
  </project>
</coverage>
